ARM GAS  C:\Users\HP\AppData\Local\Temp\ccSj0SJu.s 			page 1


   1              		.syntax unified
   2              		.cpu cortex-m0
   3              		.fpu softvfp
   4              		.eabi_attribute 20, 1
   5              		.eabi_attribute 21, 1
   6              		.eabi_attribute 23, 3
   7              		.eabi_attribute 24, 1
   8              		.eabi_attribute 25, 1
   9              		.eabi_attribute 26, 1
  10              		.eabi_attribute 30, 1
  11              		.eabi_attribute 34, 0
  12              		.eabi_attribute 18, 4
  13              		.thumb
  14              		.syntax unified
  15              		.file	"main.c"
  16              		.text
  17              	.Ltext0:
  18              		.cfi_sections	.debug_frame
  19              		.section	.text.nullify,"ax",%progbits
  20              		.align	2
  21              		.global	nullify
  22              		.code	16
  23              		.thumb_func
  24              		.type	nullify, %function
  25              	nullify:
  26              	.LFB35:
  27              		.file 1 "main.c"
   1:main.c        **** /* ========================================
   2:main.c        ****  *
   3:main.c        ****  * Copyright YOUR COMPANY, THE YEAR
   4:main.c        ****  * All Rights Reserved
   5:main.c        ****  * UNPUBLISHED, LICENSED SOFTWARE.
   6:main.c        ****  *
   7:main.c        ****  * CONFIDENTIAL AND PROPRIETARY INFORMATION
   8:main.c        ****  * WHICH IS THE PROPERTY OF your company.
   9:main.c        ****  *
  10:main.c        ****  * ========================================
  11:main.c        **** */
  12:main.c        **** #include "project.h"
  13:main.c        **** 
  14:main.c        **** typedef enum {
  15:main.c        ****     BASE,
  16:main.c        ****     SHOULDER,
  17:main.c        ****     ELBOW,
  18:main.c        ****     WRIST,
  19:main.c        ****     GRIPPER
  20:main.c        **** } ArmPart;
  21:main.c        **** 
  22:main.c        **** 
  23:main.c        **** void nullify() {
  28              		.loc 1 23 0
  29              		.cfi_startproc
  30              		@ args = 0, pretend = 0, frame = 0
  31              		@ frame_needed = 0, uses_anonymous_args = 0
  32 0000 10B5     		push	{r4, lr}
  33              		.cfi_def_cfa_offset 8
  34              		.cfi_offset 4, -8
ARM GAS  C:\Users\HP\AppData\Local\Temp\ccSj0SJu.s 			page 2


  35              		.cfi_offset 14, -4
  24:main.c        ****     Base_1_Write(0);
  36              		.loc 1 24 0
  37 0002 0020     		movs	r0, #0
  38 0004 FFF7FEFF 		bl	Base_1_Write
  39              	.LVL0:
  25:main.c        ****     Base_2_Write(0);
  40              		.loc 1 25 0
  41 0008 0020     		movs	r0, #0
  42 000a FFF7FEFF 		bl	Base_2_Write
  43              	.LVL1:
  26:main.c        ****     Shoulder_Up_Write(0);
  44              		.loc 1 26 0
  45 000e 0020     		movs	r0, #0
  46 0010 FFF7FEFF 		bl	Shoulder_Up_Write
  47              	.LVL2:
  27:main.c        ****     Shoulder_Down_Write(0);
  48              		.loc 1 27 0
  49 0014 0020     		movs	r0, #0
  50 0016 FFF7FEFF 		bl	Shoulder_Down_Write
  51              	.LVL3:
  28:main.c        ****     Elbow_Up_Write(0);
  52              		.loc 1 28 0
  53 001a 0020     		movs	r0, #0
  54 001c FFF7FEFF 		bl	Elbow_Up_Write
  55              	.LVL4:
  29:main.c        ****     Elbow_Down_Write(0);
  56              		.loc 1 29 0
  57 0020 0020     		movs	r0, #0
  58 0022 FFF7FEFF 		bl	Elbow_Down_Write
  59              	.LVL5:
  30:main.c        ****     Wrist_Up_Write(0);
  60              		.loc 1 30 0
  61 0026 0020     		movs	r0, #0
  62 0028 FFF7FEFF 		bl	Wrist_Up_Write
  63              	.LVL6:
  31:main.c        ****     Wrist_Down_Write(0);
  64              		.loc 1 31 0
  65 002c 0020     		movs	r0, #0
  66 002e FFF7FEFF 		bl	Wrist_Down_Write
  67              	.LVL7:
  32:main.c        ****     Gripper_In_Write(0);
  68              		.loc 1 32 0
  69 0032 0020     		movs	r0, #0
  70 0034 FFF7FEFF 		bl	Gripper_In_Write
  71              	.LVL8:
  33:main.c        ****     Gripper_Out_Write(0);
  72              		.loc 1 33 0
  73 0038 0020     		movs	r0, #0
  74 003a FFF7FEFF 		bl	Gripper_Out_Write
  75              	.LVL9:
  34:main.c        **** }
  76              		.loc 1 34 0
  77              		@ sp needed
  78 003e 10BD     		pop	{r4, pc}
  79              		.cfi_endproc
  80              	.LFE35:
ARM GAS  C:\Users\HP\AppData\Local\Temp\ccSj0SJu.s 			page 3


  81              		.size	nullify, .-nullify
  82              		.section	.text.activateMotor,"ax",%progbits
  83              		.align	2
  84              		.global	activateMotor
  85              		.code	16
  86              		.thumb_func
  87              		.type	activateMotor, %function
  88              	activateMotor:
  89              	.LFB36:
  35:main.c        **** void activateMotor(ArmPart a, int direction) {
  90              		.loc 1 35 0
  91              		.cfi_startproc
  92              		@ args = 0, pretend = 0, frame = 0
  93              		@ frame_needed = 0, uses_anonymous_args = 0
  94              	.LVL10:
  95 0000 70B5     		push	{r4, r5, r6, lr}
  96              		.cfi_def_cfa_offset 16
  97              		.cfi_offset 4, -16
  98              		.cfi_offset 5, -12
  99              		.cfi_offset 6, -8
 100              		.cfi_offset 14, -4
 101 0002 0400     		movs	r4, r0
 102 0004 0D00     		movs	r5, r1
  36:main.c        ****     nullify();
 103              		.loc 1 36 0
 104 0006 FFF7FEFF 		bl	nullify
 105              	.LVL11:
  37:main.c        ****     switch(a) {
 106              		.loc 1 37 0
 107 000a 032C     		cmp	r4, #3
 108 000c 0ED1     		bne	.L2
  38:main.c        ****         case WRIST:
  39:main.c        ****             if(direction == 0) {
 109              		.loc 1 39 0
 110 000e 002D     		cmp	r5, #0
 111 0010 06D1     		bne	.L5
  40:main.c        ****                 Wrist_Up_Write(0);
 112              		.loc 1 40 0
 113 0012 0020     		movs	r0, #0
 114 0014 FFF7FEFF 		bl	Wrist_Up_Write
 115              	.LVL12:
  41:main.c        ****                 Wrist_Down_Write(1);
 116              		.loc 1 41 0
 117 0018 0120     		movs	r0, #1
 118 001a FFF7FEFF 		bl	Wrist_Down_Write
 119              	.LVL13:
 120 001e 05E0     		b	.L2
 121              	.L5:
  42:main.c        ****             }
  43:main.c        ****             else {
  44:main.c        ****                 Wrist_Up_Write(1);
 122              		.loc 1 44 0
 123 0020 0120     		movs	r0, #1
 124 0022 FFF7FEFF 		bl	Wrist_Up_Write
 125              	.LVL14:
  45:main.c        ****                 Wrist_Down_Write(0);
 126              		.loc 1 45 0
ARM GAS  C:\Users\HP\AppData\Local\Temp\ccSj0SJu.s 			page 4


 127 0026 0020     		movs	r0, #0
 128 0028 FFF7FEFF 		bl	Wrist_Down_Write
 129              	.LVL15:
 130              	.L2:
  46:main.c        ****             }
  47:main.c        ****             break;
  48:main.c        ****         case ELBOW:
  49:main.c        ****             break;
  50:main.c        ****         case SHOULDER:
  51:main.c        ****             break;
  52:main.c        ****         case BASE:
  53:main.c        ****             break;
  54:main.c        ****         case GRIPPER:
  55:main.c        ****             break;
  56:main.c        ****     }
  57:main.c        **** }
 131              		.loc 1 57 0
 132              		@ sp needed
 133              	.LVL16:
 134 002c 70BD     		pop	{r4, r5, r6, pc}
 135              		.cfi_endproc
 136              	.LFE36:
 137              		.size	activateMotor, .-activateMotor
 138 002e C046     		.section	.text.main,"ax",%progbits
 139              		.align	2
 140              		.global	main
 141              		.code	16
 142              		.thumb_func
 143              		.type	main, %function
 144              	main:
 145              	.LFB37:
  58:main.c        **** int main(void)
  59:main.c        **** {
 146              		.loc 1 59 0
 147              		.cfi_startproc
 148              		@ args = 0, pretend = 0, frame = 0
 149              		@ frame_needed = 0, uses_anonymous_args = 0
 150 0000 70B5     		push	{r4, r5, r6, lr}
 151              		.cfi_def_cfa_offset 16
 152              		.cfi_offset 4, -16
 153              		.cfi_offset 5, -12
 154              		.cfi_offset 6, -8
 155              		.cfi_offset 14, -4
  60:main.c        ****     CyGlobalIntEnable;
 156              		.loc 1 60 0
 157              		.syntax divided
 158              	@ 60 "main.c" 1
 159 0002 62B6     		CPSIE   i
 160              	@ 0 "" 2
  61:main.c        ****     UART_Start();
 161              		.loc 1 61 0
 162              		.thumb
 163              		.syntax unified
 164 0004 FFF7FEFF 		bl	UART_Start
 165              	.LVL17:
  62:main.c        ****     UART_UartPutString("UART Started");
 166              		.loc 1 62 0
ARM GAS  C:\Users\HP\AppData\Local\Temp\ccSj0SJu.s 			page 5


 167 0008 3D48     		ldr	r0, .L21
 168 000a FFF7FEFF 		bl	UART_UartPutString
 169              	.LVL18:
 170              	.L7:
  63:main.c        ****     
  64:main.c        ****     char ch = ' ';
  65:main.c        ****     
  66:main.c        ****     for(;;)
  67:main.c        ****     {
  68:main.c        ****         ch = UART_UartGetChar();
 171              		.loc 1 68 0
 172 000e FFF7FEFF 		bl	UART_UartGetChar
 173              	.LVL19:
 174 0012 C5B2     		uxtb	r5, r0
 175              	.LVL20:
 176 0014 FF24     		movs	r4, #255
 177 0016 0440     		ands	r4, r0
  69:main.c        ****         UART_UartPutChar(ch);
 178              		.loc 1 69 0
 179 0018 2000     		movs	r0, r4
 180 001a FFF7FEFF 		bl	UART_SpiUartWriteTxData
 181              	.LVL21:
  70:main.c        ****         if(ch == ' ')
 182              		.loc 1 70 0
 183 001e 202D     		cmp	r5, #32
 184 0020 F5D0     		beq	.L7
  71:main.c        ****             continue;
  72:main.c        ****         switch(ch) {
 185              		.loc 1 72 0
 186 0022 2000     		movs	r0, r4
 187 0024 4138     		subs	r0, r0, #65
 188 0026 3628     		cmp	r0, #54
 189 0028 67D8     		bhi	.L9
 190 002a 8000     		lsls	r0, r0, #2
 191 002c 354B     		ldr	r3, .L21+4
 192 002e 1B58     		ldr	r3, [r3, r0]
 193 0030 9F46     		mov	pc, r3
 194              		.section	.rodata
 195              		.align	2
 196              	.L11:
 197 0000 82000000 		.word	.L10
 198 0004 FA000000 		.word	.L9
 199 0008 FA000000 		.word	.L9
 200 000c 96000000 		.word	.L12
 201 0010 5A000000 		.word	.L13
 202 0014 FA000000 		.word	.L9
 203 0018 FA000000 		.word	.L9
 204 001c FA000000 		.word	.L9
 205 0020 AA000000 		.word	.L14
 206 0024 D2000000 		.word	.L15
 207 0028 BE000000 		.word	.L16
 208 002c E6000000 		.word	.L17
 209 0030 FA000000 		.word	.L9
 210 0034 FA000000 		.word	.L9
 211 0038 FA000000 		.word	.L9
 212 003c FA000000 		.word	.L9
 213 0040 46000000 		.word	.L18
ARM GAS  C:\Users\HP\AppData\Local\Temp\ccSj0SJu.s 			page 6


 214 0044 FA000000 		.word	.L9
 215 0048 6E000000 		.word	.L19
 216 004c FA000000 		.word	.L9
 217 0050 FA000000 		.word	.L9
 218 0054 FA000000 		.word	.L9
 219 0058 32000000 		.word	.L20
 220 005c FA000000 		.word	.L9
 221 0060 FA000000 		.word	.L9
 222 0064 FA000000 		.word	.L9
 223 0068 FA000000 		.word	.L9
 224 006c FA000000 		.word	.L9
 225 0070 FA000000 		.word	.L9
 226 0074 FA000000 		.word	.L9
 227 0078 FA000000 		.word	.L9
 228 007c FA000000 		.word	.L9
 229 0080 82000000 		.word	.L10
 230 0084 FA000000 		.word	.L9
 231 0088 FA000000 		.word	.L9
 232 008c 96000000 		.word	.L12
 233 0090 5A000000 		.word	.L13
 234 0094 FA000000 		.word	.L9
 235 0098 FA000000 		.word	.L9
 236 009c FA000000 		.word	.L9
 237 00a0 AA000000 		.word	.L14
 238 00a4 D2000000 		.word	.L15
 239 00a8 BE000000 		.word	.L16
 240 00ac E6000000 		.word	.L17
 241 00b0 FA000000 		.word	.L9
 242 00b4 FA000000 		.word	.L9
 243 00b8 FA000000 		.word	.L9
 244 00bc FA000000 		.word	.L9
 245 00c0 46000000 		.word	.L18
 246 00c4 FA000000 		.word	.L9
 247 00c8 6E000000 		.word	.L19
 248 00cc FA000000 		.word	.L9
 249 00d0 FA000000 		.word	.L9
 250 00d4 FA000000 		.word	.L9
 251 00d8 32000000 		.word	.L20
 252              		.section	.text.main
 253              	.L20:
  73:main.c        ****             case 'w':
  74:main.c        ****             case 'W':
  75:main.c        ****                 // activateMotor(ELBOW, 1);
  76:main.c        ****                 Elbow_Up_Write(1);
 254              		.loc 1 76 0
 255 0032 0120     		movs	r0, #1
 256 0034 FFF7FEFF 		bl	Elbow_Up_Write
 257              	.LVL22:
  77:main.c        ****                 Elbow_Down_Write(0);
 258              		.loc 1 77 0
 259 0038 0020     		movs	r0, #0
 260 003a FFF7FEFF 		bl	Elbow_Down_Write
 261              	.LVL23:
  78:main.c        ****                 CyDelay(50);
 262              		.loc 1 78 0
 263 003e 3220     		movs	r0, #50
 264 0040 FFF7FEFF 		bl	CyDelay
ARM GAS  C:\Users\HP\AppData\Local\Temp\ccSj0SJu.s 			page 7


 265              	.LVL24:
  79:main.c        ****                 break;
 266              		.loc 1 79 0
 267 0044 E3E7     		b	.L7
 268              	.L18:
  80:main.c        ****             case 'q':
  81:main.c        ****             case 'Q':
  82:main.c        ****                 Shoulder_Up_Write(1);
 269              		.loc 1 82 0
 270 0046 0120     		movs	r0, #1
 271 0048 FFF7FEFF 		bl	Shoulder_Up_Write
 272              	.LVL25:
  83:main.c        ****                 Shoulder_Down_Write(0);
 273              		.loc 1 83 0
 274 004c 0020     		movs	r0, #0
 275 004e FFF7FEFF 		bl	Shoulder_Down_Write
 276              	.LVL26:
  84:main.c        ****                 CyDelay(50);
 277              		.loc 1 84 0
 278 0052 3220     		movs	r0, #50
 279 0054 FFF7FEFF 		bl	CyDelay
 280              	.LVL27:
  85:main.c        ****                 break;
 281              		.loc 1 85 0
 282 0058 D9E7     		b	.L7
 283              	.L13:
  86:main.c        ****             case 'e':
  87:main.c        ****             case 'E':
  88:main.c        ****                 Shoulder_Down_Write(1);
 284              		.loc 1 88 0
 285 005a 0120     		movs	r0, #1
 286 005c FFF7FEFF 		bl	Shoulder_Down_Write
 287              	.LVL28:
  89:main.c        ****                 Shoulder_Up_Write(0);
 288              		.loc 1 89 0
 289 0060 0020     		movs	r0, #0
 290 0062 FFF7FEFF 		bl	Shoulder_Up_Write
 291              	.LVL29:
  90:main.c        ****                 CyDelay(50);
 292              		.loc 1 90 0
 293 0066 3220     		movs	r0, #50
 294 0068 FFF7FEFF 		bl	CyDelay
 295              	.LVL30:
  91:main.c        ****                 break;
 296              		.loc 1 91 0
 297 006c CFE7     		b	.L7
 298              	.L19:
  92:main.c        ****             case 's':
  93:main.c        ****             case 'S':
  94:main.c        ****                 Elbow_Down_Write(1);
 299              		.loc 1 94 0
 300 006e 0120     		movs	r0, #1
 301 0070 FFF7FEFF 		bl	Elbow_Down_Write
 302              	.LVL31:
  95:main.c        ****                 Elbow_Up_Write(0);
 303              		.loc 1 95 0
 304 0074 0020     		movs	r0, #0
ARM GAS  C:\Users\HP\AppData\Local\Temp\ccSj0SJu.s 			page 8


 305 0076 FFF7FEFF 		bl	Elbow_Up_Write
 306              	.LVL32:
  96:main.c        ****                 CyDelay(50);
 307              		.loc 1 96 0
 308 007a 3220     		movs	r0, #50
 309 007c FFF7FEFF 		bl	CyDelay
 310              	.LVL33:
  97:main.c        ****                 break;
 311              		.loc 1 97 0
 312 0080 C5E7     		b	.L7
 313              	.L10:
  98:main.c        ****             case 'a':
  99:main.c        ****             case 'A':
 100:main.c        ****                 Base_1_Write(0);
 314              		.loc 1 100 0
 315 0082 0020     		movs	r0, #0
 316 0084 FFF7FEFF 		bl	Base_1_Write
 317              	.LVL34:
 101:main.c        ****                 Base_2_Write(1);
 318              		.loc 1 101 0
 319 0088 0120     		movs	r0, #1
 320 008a FFF7FEFF 		bl	Base_2_Write
 321              	.LVL35:
 102:main.c        ****                 CyDelay(50);
 322              		.loc 1 102 0
 323 008e 3220     		movs	r0, #50
 324 0090 FFF7FEFF 		bl	CyDelay
 325              	.LVL36:
 103:main.c        ****                 break;
 326              		.loc 1 103 0
 327 0094 BBE7     		b	.L7
 328              	.L12:
 104:main.c        ****             case 'd':
 105:main.c        ****             case'D':
 106:main.c        ****                 Base_1_Write(1);
 329              		.loc 1 106 0
 330 0096 0120     		movs	r0, #1
 331 0098 FFF7FEFF 		bl	Base_1_Write
 332              	.LVL37:
 107:main.c        ****                 Base_2_Write(0);
 333              		.loc 1 107 0
 334 009c 0020     		movs	r0, #0
 335 009e FFF7FEFF 		bl	Base_2_Write
 336              	.LVL38:
 108:main.c        ****                 CyDelay(50);
 337              		.loc 1 108 0
 338 00a2 3220     		movs	r0, #50
 339 00a4 FFF7FEFF 		bl	CyDelay
 340              	.LVL39:
 109:main.c        ****                 break;
 341              		.loc 1 109 0
 342 00a8 B1E7     		b	.L7
 343              	.L14:
 110:main.c        ****             case 'i':
 111:main.c        ****             case 'I':
 112:main.c        ****                 Wrist_Up_Write(1);
 344              		.loc 1 112 0
ARM GAS  C:\Users\HP\AppData\Local\Temp\ccSj0SJu.s 			page 9


 345 00aa 0120     		movs	r0, #1
 346 00ac FFF7FEFF 		bl	Wrist_Up_Write
 347              	.LVL40:
 113:main.c        ****                 Wrist_Down_Write(0);
 348              		.loc 1 113 0
 349 00b0 0020     		movs	r0, #0
 350 00b2 FFF7FEFF 		bl	Wrist_Down_Write
 351              	.LVL41:
 114:main.c        ****                 CyDelay(50);
 352              		.loc 1 114 0
 353 00b6 3220     		movs	r0, #50
 354 00b8 FFF7FEFF 		bl	CyDelay
 355              	.LVL42:
 115:main.c        ****                 break;
 356              		.loc 1 115 0
 357 00bc A7E7     		b	.L7
 358              	.L16:
 116:main.c        ****             case 'k':
 117:main.c        ****             case 'K':
 118:main.c        ****                 Wrist_Down_Write(1);
 359              		.loc 1 118 0
 360 00be 0120     		movs	r0, #1
 361 00c0 FFF7FEFF 		bl	Wrist_Down_Write
 362              	.LVL43:
 119:main.c        ****                 Wrist_Up_Write(0);
 363              		.loc 1 119 0
 364 00c4 0020     		movs	r0, #0
 365 00c6 FFF7FEFF 		bl	Wrist_Up_Write
 366              	.LVL44:
 120:main.c        ****                 CyDelay(50);
 367              		.loc 1 120 0
 368 00ca 3220     		movs	r0, #50
 369 00cc FFF7FEFF 		bl	CyDelay
 370              	.LVL45:
 121:main.c        ****                 break;
 371              		.loc 1 121 0
 372 00d0 9DE7     		b	.L7
 373              	.L15:
 122:main.c        ****             case 'j':
 123:main.c        ****             case 'J':
 124:main.c        ****                 Gripper_In_Write(1);
 374              		.loc 1 124 0
 375 00d2 0120     		movs	r0, #1
 376 00d4 FFF7FEFF 		bl	Gripper_In_Write
 377              	.LVL46:
 125:main.c        ****                 Gripper_Out_Write(0);
 378              		.loc 1 125 0
 379 00d8 0020     		movs	r0, #0
 380 00da FFF7FEFF 		bl	Gripper_Out_Write
 381              	.LVL47:
 126:main.c        ****                 CyDelay(50);
 382              		.loc 1 126 0
 383 00de 3220     		movs	r0, #50
 384 00e0 FFF7FEFF 		bl	CyDelay
 385              	.LVL48:
 127:main.c        ****                 break;
 386              		.loc 1 127 0
ARM GAS  C:\Users\HP\AppData\Local\Temp\ccSj0SJu.s 			page 10


 387 00e4 93E7     		b	.L7
 388              	.L17:
 128:main.c        ****             case 'l':
 129:main.c        ****             case 'L':
 130:main.c        ****                 Gripper_Out_Write(1);
 389              		.loc 1 130 0
 390 00e6 0120     		movs	r0, #1
 391 00e8 FFF7FEFF 		bl	Gripper_Out_Write
 392              	.LVL49:
 131:main.c        ****                 Gripper_In_Write(0);
 393              		.loc 1 131 0
 394 00ec 0020     		movs	r0, #0
 395 00ee FFF7FEFF 		bl	Gripper_In_Write
 396              	.LVL50:
 132:main.c        ****                 CyDelay(50);
 397              		.loc 1 132 0
 398 00f2 3220     		movs	r0, #50
 399 00f4 FFF7FEFF 		bl	CyDelay
 400              	.LVL51:
 133:main.c        ****                 break;
 401              		.loc 1 133 0
 402 00f8 89E7     		b	.L7
 403              	.L9:
 134:main.c        ****             default:
 135:main.c        ****                 nullify();
 404              		.loc 1 135 0
 405 00fa FFF7FEFF 		bl	nullify
 406              	.LVL52:
 136:main.c        ****                 break;
 407              		.loc 1 136 0
 408 00fe 86E7     		b	.L7
 409              	.L22:
 410              		.align	2
 411              	.L21:
 412 0100 00000000 		.word	.LC0
 413 0104 00000000 		.word	.L11
 414              		.cfi_endproc
 415              	.LFE37:
 416              		.size	main, .-main
 417              		.section	.rodata.str1.4,"aMS",%progbits,1
 418              		.align	2
 419              	.LC0:
 420 0000 55415254 		.ascii	"UART Started\000"
 420      20537461 
 420      72746564 
 420      00
 421              		.text
 422              	.Letext0:
 423              		.file 2 "Generated_Source\\PSoC4/cytypes.h"
 424              		.file 3 "Generated_Source\\PSoC4/Base_1.h"
 425              		.file 4 "Generated_Source\\PSoC4/Base_2.h"
 426              		.file 5 "Generated_Source\\PSoC4/Shoulder_Up.h"
 427              		.file 6 "Generated_Source\\PSoC4/Shoulder_Down.h"
 428              		.file 7 "Generated_Source\\PSoC4/Elbow_Up.h"
 429              		.file 8 "Generated_Source\\PSoC4/Elbow_Down.h"
 430              		.file 9 "Generated_Source\\PSoC4/Wrist_Up.h"
 431              		.file 10 "Generated_Source\\PSoC4/Wrist_Down.h"
ARM GAS  C:\Users\HP\AppData\Local\Temp\ccSj0SJu.s 			page 11


 432              		.file 11 "Generated_Source\\PSoC4/Gripper_In.h"
 433              		.file 12 "Generated_Source\\PSoC4/Gripper_Out.h"
 434              		.file 13 "Generated_Source\\PSoC4/UART.h"
 435              		.file 14 "Generated_Source\\PSoC4/UART_SPI_UART.h"
 436              		.file 15 "Generated_Source\\PSoC4/CyLib.h"
 437              		.section	.debug_info,"",%progbits
 438              	.Ldebug_info0:
 439 0000 7A050000 		.4byte	0x57a
 440 0004 0400     		.2byte	0x4
 441 0006 00000000 		.4byte	.Ldebug_abbrev0
 442 000a 04       		.byte	0x4
 443 000b 01       		.uleb128 0x1
 444 000c B9000000 		.4byte	.LASF37
 445 0010 0C       		.byte	0xc
 446 0011 59020000 		.4byte	.LASF38
 447 0015 39000000 		.4byte	.LASF39
 448 0019 00000000 		.4byte	.Ldebug_ranges0+0
 449 001d 00000000 		.4byte	0
 450 0021 00000000 		.4byte	.Ldebug_line0
 451 0025 02       		.uleb128 0x2
 452 0026 01       		.byte	0x1
 453 0027 06       		.byte	0x6
 454 0028 AD020000 		.4byte	.LASF0
 455 002c 02       		.uleb128 0x2
 456 002d 01       		.byte	0x1
 457 002e 08       		.byte	0x8
 458 002f BE010000 		.4byte	.LASF1
 459 0033 02       		.uleb128 0x2
 460 0034 02       		.byte	0x2
 461 0035 05       		.byte	0x5
 462 0036 DE010000 		.4byte	.LASF2
 463 003a 02       		.uleb128 0x2
 464 003b 02       		.byte	0x2
 465 003c 07       		.byte	0x7
 466 003d 8A010000 		.4byte	.LASF3
 467 0041 02       		.uleb128 0x2
 468 0042 04       		.byte	0x4
 469 0043 05       		.byte	0x5
 470 0044 77020000 		.4byte	.LASF4
 471 0048 02       		.uleb128 0x2
 472 0049 04       		.byte	0x4
 473 004a 07       		.byte	0x7
 474 004b CC010000 		.4byte	.LASF5
 475 004f 02       		.uleb128 0x2
 476 0050 08       		.byte	0x8
 477 0051 05       		.byte	0x5
 478 0052 4B020000 		.4byte	.LASF6
 479 0056 02       		.uleb128 0x2
 480 0057 08       		.byte	0x8
 481 0058 07       		.byte	0x7
 482 0059 26020000 		.4byte	.LASF7
 483 005d 03       		.uleb128 0x3
 484 005e 04       		.byte	0x4
 485 005f 05       		.byte	0x5
 486 0060 696E7400 		.ascii	"int\000"
 487 0064 02       		.uleb128 0x2
 488 0065 04       		.byte	0x4
ARM GAS  C:\Users\HP\AppData\Local\Temp\ccSj0SJu.s 			page 12


 489 0066 07       		.byte	0x7
 490 0067 F4010000 		.4byte	.LASF8
 491 006b 04       		.uleb128 0x4
 492 006c E8010000 		.4byte	.LASF19
 493 0070 02       		.byte	0x2
 494 0071 FE01     		.2byte	0x1fe
 495 0073 48000000 		.4byte	0x48
 496 0077 02       		.uleb128 0x2
 497 0078 04       		.byte	0x4
 498 0079 04       		.byte	0x4
 499 007a 47010000 		.4byte	.LASF9
 500 007e 02       		.uleb128 0x2
 501 007f 08       		.byte	0x8
 502 0080 04       		.byte	0x4
 503 0081 95000000 		.4byte	.LASF10
 504 0085 02       		.uleb128 0x2
 505 0086 01       		.byte	0x1
 506 0087 08       		.byte	0x8
 507 0088 60020000 		.4byte	.LASF11
 508 008c 02       		.uleb128 0x2
 509 008d 08       		.byte	0x8
 510 008e 04       		.byte	0x4
 511 008f 99020000 		.4byte	.LASF12
 512 0093 02       		.uleb128 0x2
 513 0094 04       		.byte	0x4
 514 0095 07       		.byte	0x7
 515 0096 42020000 		.4byte	.LASF13
 516 009a 05       		.uleb128 0x5
 517 009b 01       		.byte	0x1
 518 009c 2C000000 		.4byte	0x2c
 519 00a0 01       		.byte	0x1
 520 00a1 0E       		.byte	0xe
 521 00a2 C5000000 		.4byte	0xc5
 522 00a6 06       		.uleb128 0x6
 523 00a7 3D020000 		.4byte	.LASF14
 524 00ab 00       		.byte	0
 525 00ac 06       		.uleb128 0x6
 526 00ad 64010000 		.4byte	.LASF15
 527 00b1 01       		.byte	0x1
 528 00b2 06       		.uleb128 0x6
 529 00b3 26000000 		.4byte	.LASF16
 530 00b7 02       		.byte	0x2
 531 00b8 06       		.uleb128 0x6
 532 00b9 4D010000 		.4byte	.LASF17
 533 00bd 03       		.byte	0x3
 534 00be 06       		.uleb128 0x6
 535 00bf 00000000 		.4byte	.LASF18
 536 00c3 04       		.byte	0x4
 537 00c4 00       		.byte	0
 538 00c5 07       		.uleb128 0x7
 539 00c6 80020000 		.4byte	.LASF20
 540 00ca 01       		.byte	0x1
 541 00cb 14       		.byte	0x14
 542 00cc 9A000000 		.4byte	0x9a
 543 00d0 08       		.uleb128 0x8
 544 00d1 A5020000 		.4byte	.LASF40
 545 00d5 01       		.byte	0x1
ARM GAS  C:\Users\HP\AppData\Local\Temp\ccSj0SJu.s 			page 13


 546 00d6 17       		.byte	0x17
 547 00d7 00000000 		.4byte	.LFB35
 548 00db 40000000 		.4byte	.LFE35-.LFB35
 549 00df 01       		.uleb128 0x1
 550 00e0 9C       		.byte	0x9c
 551 00e1 A0010000 		.4byte	0x1a0
 552 00e5 09       		.uleb128 0x9
 553 00e6 08000000 		.4byte	.LVL0
 554 00ea D5040000 		.4byte	0x4d5
 555 00ee F8000000 		.4byte	0xf8
 556 00f2 0A       		.uleb128 0xa
 557 00f3 01       		.uleb128 0x1
 558 00f4 50       		.byte	0x50
 559 00f5 01       		.uleb128 0x1
 560 00f6 30       		.byte	0x30
 561 00f7 00       		.byte	0
 562 00f8 09       		.uleb128 0x9
 563 00f9 0E000000 		.4byte	.LVL1
 564 00fd E0040000 		.4byte	0x4e0
 565 0101 0B010000 		.4byte	0x10b
 566 0105 0A       		.uleb128 0xa
 567 0106 01       		.uleb128 0x1
 568 0107 50       		.byte	0x50
 569 0108 01       		.uleb128 0x1
 570 0109 30       		.byte	0x30
 571 010a 00       		.byte	0
 572 010b 09       		.uleb128 0x9
 573 010c 14000000 		.4byte	.LVL2
 574 0110 EB040000 		.4byte	0x4eb
 575 0114 1E010000 		.4byte	0x11e
 576 0118 0A       		.uleb128 0xa
 577 0119 01       		.uleb128 0x1
 578 011a 50       		.byte	0x50
 579 011b 01       		.uleb128 0x1
 580 011c 30       		.byte	0x30
 581 011d 00       		.byte	0
 582 011e 09       		.uleb128 0x9
 583 011f 1A000000 		.4byte	.LVL3
 584 0123 F6040000 		.4byte	0x4f6
 585 0127 31010000 		.4byte	0x131
 586 012b 0A       		.uleb128 0xa
 587 012c 01       		.uleb128 0x1
 588 012d 50       		.byte	0x50
 589 012e 01       		.uleb128 0x1
 590 012f 30       		.byte	0x30
 591 0130 00       		.byte	0
 592 0131 09       		.uleb128 0x9
 593 0132 20000000 		.4byte	.LVL4
 594 0136 01050000 		.4byte	0x501
 595 013a 44010000 		.4byte	0x144
 596 013e 0A       		.uleb128 0xa
 597 013f 01       		.uleb128 0x1
 598 0140 50       		.byte	0x50
 599 0141 01       		.uleb128 0x1
 600 0142 30       		.byte	0x30
 601 0143 00       		.byte	0
 602 0144 09       		.uleb128 0x9
ARM GAS  C:\Users\HP\AppData\Local\Temp\ccSj0SJu.s 			page 14


 603 0145 26000000 		.4byte	.LVL5
 604 0149 0C050000 		.4byte	0x50c
 605 014d 57010000 		.4byte	0x157
 606 0151 0A       		.uleb128 0xa
 607 0152 01       		.uleb128 0x1
 608 0153 50       		.byte	0x50
 609 0154 01       		.uleb128 0x1
 610 0155 30       		.byte	0x30
 611 0156 00       		.byte	0
 612 0157 09       		.uleb128 0x9
 613 0158 2C000000 		.4byte	.LVL6
 614 015c 17050000 		.4byte	0x517
 615 0160 6A010000 		.4byte	0x16a
 616 0164 0A       		.uleb128 0xa
 617 0165 01       		.uleb128 0x1
 618 0166 50       		.byte	0x50
 619 0167 01       		.uleb128 0x1
 620 0168 30       		.byte	0x30
 621 0169 00       		.byte	0
 622 016a 09       		.uleb128 0x9
 623 016b 32000000 		.4byte	.LVL7
 624 016f 22050000 		.4byte	0x522
 625 0173 7D010000 		.4byte	0x17d
 626 0177 0A       		.uleb128 0xa
 627 0178 01       		.uleb128 0x1
 628 0179 50       		.byte	0x50
 629 017a 01       		.uleb128 0x1
 630 017b 30       		.byte	0x30
 631 017c 00       		.byte	0
 632 017d 09       		.uleb128 0x9
 633 017e 38000000 		.4byte	.LVL8
 634 0182 2D050000 		.4byte	0x52d
 635 0186 90010000 		.4byte	0x190
 636 018a 0A       		.uleb128 0xa
 637 018b 01       		.uleb128 0x1
 638 018c 50       		.byte	0x50
 639 018d 01       		.uleb128 0x1
 640 018e 30       		.byte	0x30
 641 018f 00       		.byte	0
 642 0190 0B       		.uleb128 0xb
 643 0191 3E000000 		.4byte	.LVL9
 644 0195 38050000 		.4byte	0x538
 645 0199 0A       		.uleb128 0xa
 646 019a 01       		.uleb128 0x1
 647 019b 50       		.byte	0x50
 648 019c 01       		.uleb128 0x1
 649 019d 30       		.byte	0x30
 650 019e 00       		.byte	0
 651 019f 00       		.byte	0
 652 01a0 0C       		.uleb128 0xc
 653 01a1 6D010000 		.4byte	.LASF41
 654 01a5 01       		.byte	0x1
 655 01a6 23       		.byte	0x23
 656 01a7 00000000 		.4byte	.LFB36
 657 01ab 2E000000 		.4byte	.LFE36-.LFB36
 658 01af 01       		.uleb128 0x1
 659 01b0 9C       		.byte	0x9c
ARM GAS  C:\Users\HP\AppData\Local\Temp\ccSj0SJu.s 			page 15


 660 01b1 23020000 		.4byte	0x223
 661 01b5 0D       		.uleb128 0xd
 662 01b6 6100     		.ascii	"a\000"
 663 01b8 01       		.byte	0x1
 664 01b9 23       		.byte	0x23
 665 01ba C5000000 		.4byte	0xc5
 666 01be 00000000 		.4byte	.LLST0
 667 01c2 0E       		.uleb128 0xe
 668 01c3 9C000000 		.4byte	.LASF21
 669 01c7 01       		.byte	0x1
 670 01c8 23       		.byte	0x23
 671 01c9 5D000000 		.4byte	0x5d
 672 01cd 21000000 		.4byte	.LLST1
 673 01d1 0F       		.uleb128 0xf
 674 01d2 0A000000 		.4byte	.LVL11
 675 01d6 D0000000 		.4byte	0xd0
 676 01da 09       		.uleb128 0x9
 677 01db 18000000 		.4byte	.LVL12
 678 01df 17050000 		.4byte	0x517
 679 01e3 ED010000 		.4byte	0x1ed
 680 01e7 0A       		.uleb128 0xa
 681 01e8 01       		.uleb128 0x1
 682 01e9 50       		.byte	0x50
 683 01ea 01       		.uleb128 0x1
 684 01eb 30       		.byte	0x30
 685 01ec 00       		.byte	0
 686 01ed 09       		.uleb128 0x9
 687 01ee 1E000000 		.4byte	.LVL13
 688 01f2 22050000 		.4byte	0x522
 689 01f6 00020000 		.4byte	0x200
 690 01fa 0A       		.uleb128 0xa
 691 01fb 01       		.uleb128 0x1
 692 01fc 50       		.byte	0x50
 693 01fd 01       		.uleb128 0x1
 694 01fe 31       		.byte	0x31
 695 01ff 00       		.byte	0
 696 0200 09       		.uleb128 0x9
 697 0201 26000000 		.4byte	.LVL14
 698 0205 17050000 		.4byte	0x517
 699 0209 13020000 		.4byte	0x213
 700 020d 0A       		.uleb128 0xa
 701 020e 01       		.uleb128 0x1
 702 020f 50       		.byte	0x50
 703 0210 01       		.uleb128 0x1
 704 0211 31       		.byte	0x31
 705 0212 00       		.byte	0
 706 0213 0B       		.uleb128 0xb
 707 0214 2C000000 		.4byte	.LVL15
 708 0218 22050000 		.4byte	0x522
 709 021c 0A       		.uleb128 0xa
 710 021d 01       		.uleb128 0x1
 711 021e 50       		.byte	0x50
 712 021f 01       		.uleb128 0x1
 713 0220 30       		.byte	0x30
 714 0221 00       		.byte	0
 715 0222 00       		.byte	0
 716 0223 10       		.uleb128 0x10
ARM GAS  C:\Users\HP\AppData\Local\Temp\ccSj0SJu.s 			page 16


 717 0224 EF010000 		.4byte	.LASF42
 718 0228 01       		.byte	0x1
 719 0229 3A       		.byte	0x3a
 720 022a 5D000000 		.4byte	0x5d
 721 022e 00000000 		.4byte	.LFB37
 722 0232 08010000 		.4byte	.LFE37-.LFB37
 723 0236 01       		.uleb128 0x1
 724 0237 9C       		.byte	0x9c
 725 0238 D5040000 		.4byte	0x4d5
 726 023c 11       		.uleb128 0x11
 727 023d 636800   		.ascii	"ch\000"
 728 0240 01       		.byte	0x1
 729 0241 40       		.byte	0x40
 730 0242 85000000 		.4byte	0x85
 731 0246 4D000000 		.4byte	.LLST2
 732 024a 0F       		.uleb128 0xf
 733 024b 08000000 		.4byte	.LVL17
 734 024f 43050000 		.4byte	0x543
 735 0253 09       		.uleb128 0x9
 736 0254 0E000000 		.4byte	.LVL18
 737 0258 4E050000 		.4byte	0x54e
 738 025c 6A020000 		.4byte	0x26a
 739 0260 0A       		.uleb128 0xa
 740 0261 01       		.uleb128 0x1
 741 0262 50       		.byte	0x50
 742 0263 05       		.uleb128 0x5
 743 0264 03       		.byte	0x3
 744 0265 00000000 		.4byte	.LC0
 745 0269 00       		.byte	0
 746 026a 0F       		.uleb128 0xf
 747 026b 12000000 		.4byte	.LVL19
 748 026f 5A050000 		.4byte	0x55a
 749 0273 09       		.uleb128 0x9
 750 0274 1E000000 		.4byte	.LVL21
 751 0278 66050000 		.4byte	0x566
 752 027c 87020000 		.4byte	0x287
 753 0280 0A       		.uleb128 0xa
 754 0281 01       		.uleb128 0x1
 755 0282 50       		.byte	0x50
 756 0283 02       		.uleb128 0x2
 757 0284 74       		.byte	0x74
 758 0285 00       		.sleb128 0
 759 0286 00       		.byte	0
 760 0287 09       		.uleb128 0x9
 761 0288 38000000 		.4byte	.LVL22
 762 028c 01050000 		.4byte	0x501
 763 0290 9A020000 		.4byte	0x29a
 764 0294 0A       		.uleb128 0xa
 765 0295 01       		.uleb128 0x1
 766 0296 50       		.byte	0x50
 767 0297 01       		.uleb128 0x1
 768 0298 31       		.byte	0x31
 769 0299 00       		.byte	0
 770 029a 09       		.uleb128 0x9
 771 029b 3E000000 		.4byte	.LVL23
 772 029f 0C050000 		.4byte	0x50c
 773 02a3 AD020000 		.4byte	0x2ad
ARM GAS  C:\Users\HP\AppData\Local\Temp\ccSj0SJu.s 			page 17


 774 02a7 0A       		.uleb128 0xa
 775 02a8 01       		.uleb128 0x1
 776 02a9 50       		.byte	0x50
 777 02aa 01       		.uleb128 0x1
 778 02ab 30       		.byte	0x30
 779 02ac 00       		.byte	0
 780 02ad 09       		.uleb128 0x9
 781 02ae 44000000 		.4byte	.LVL24
 782 02b2 72050000 		.4byte	0x572
 783 02b6 C1020000 		.4byte	0x2c1
 784 02ba 0A       		.uleb128 0xa
 785 02bb 01       		.uleb128 0x1
 786 02bc 50       		.byte	0x50
 787 02bd 02       		.uleb128 0x2
 788 02be 08       		.byte	0x8
 789 02bf 32       		.byte	0x32
 790 02c0 00       		.byte	0
 791 02c1 09       		.uleb128 0x9
 792 02c2 4C000000 		.4byte	.LVL25
 793 02c6 EB040000 		.4byte	0x4eb
 794 02ca D4020000 		.4byte	0x2d4
 795 02ce 0A       		.uleb128 0xa
 796 02cf 01       		.uleb128 0x1
 797 02d0 50       		.byte	0x50
 798 02d1 01       		.uleb128 0x1
 799 02d2 31       		.byte	0x31
 800 02d3 00       		.byte	0
 801 02d4 09       		.uleb128 0x9
 802 02d5 52000000 		.4byte	.LVL26
 803 02d9 F6040000 		.4byte	0x4f6
 804 02dd E7020000 		.4byte	0x2e7
 805 02e1 0A       		.uleb128 0xa
 806 02e2 01       		.uleb128 0x1
 807 02e3 50       		.byte	0x50
 808 02e4 01       		.uleb128 0x1
 809 02e5 30       		.byte	0x30
 810 02e6 00       		.byte	0
 811 02e7 09       		.uleb128 0x9
 812 02e8 58000000 		.4byte	.LVL27
 813 02ec 72050000 		.4byte	0x572
 814 02f0 FB020000 		.4byte	0x2fb
 815 02f4 0A       		.uleb128 0xa
 816 02f5 01       		.uleb128 0x1
 817 02f6 50       		.byte	0x50
 818 02f7 02       		.uleb128 0x2
 819 02f8 08       		.byte	0x8
 820 02f9 32       		.byte	0x32
 821 02fa 00       		.byte	0
 822 02fb 09       		.uleb128 0x9
 823 02fc 60000000 		.4byte	.LVL28
 824 0300 F6040000 		.4byte	0x4f6
 825 0304 0E030000 		.4byte	0x30e
 826 0308 0A       		.uleb128 0xa
 827 0309 01       		.uleb128 0x1
 828 030a 50       		.byte	0x50
 829 030b 01       		.uleb128 0x1
 830 030c 31       		.byte	0x31
ARM GAS  C:\Users\HP\AppData\Local\Temp\ccSj0SJu.s 			page 18


 831 030d 00       		.byte	0
 832 030e 09       		.uleb128 0x9
 833 030f 66000000 		.4byte	.LVL29
 834 0313 EB040000 		.4byte	0x4eb
 835 0317 21030000 		.4byte	0x321
 836 031b 0A       		.uleb128 0xa
 837 031c 01       		.uleb128 0x1
 838 031d 50       		.byte	0x50
 839 031e 01       		.uleb128 0x1
 840 031f 30       		.byte	0x30
 841 0320 00       		.byte	0
 842 0321 09       		.uleb128 0x9
 843 0322 6C000000 		.4byte	.LVL30
 844 0326 72050000 		.4byte	0x572
 845 032a 35030000 		.4byte	0x335
 846 032e 0A       		.uleb128 0xa
 847 032f 01       		.uleb128 0x1
 848 0330 50       		.byte	0x50
 849 0331 02       		.uleb128 0x2
 850 0332 08       		.byte	0x8
 851 0333 32       		.byte	0x32
 852 0334 00       		.byte	0
 853 0335 09       		.uleb128 0x9
 854 0336 74000000 		.4byte	.LVL31
 855 033a 0C050000 		.4byte	0x50c
 856 033e 48030000 		.4byte	0x348
 857 0342 0A       		.uleb128 0xa
 858 0343 01       		.uleb128 0x1
 859 0344 50       		.byte	0x50
 860 0345 01       		.uleb128 0x1
 861 0346 31       		.byte	0x31
 862 0347 00       		.byte	0
 863 0348 09       		.uleb128 0x9
 864 0349 7A000000 		.4byte	.LVL32
 865 034d 01050000 		.4byte	0x501
 866 0351 5B030000 		.4byte	0x35b
 867 0355 0A       		.uleb128 0xa
 868 0356 01       		.uleb128 0x1
 869 0357 50       		.byte	0x50
 870 0358 01       		.uleb128 0x1
 871 0359 30       		.byte	0x30
 872 035a 00       		.byte	0
 873 035b 09       		.uleb128 0x9
 874 035c 80000000 		.4byte	.LVL33
 875 0360 72050000 		.4byte	0x572
 876 0364 6F030000 		.4byte	0x36f
 877 0368 0A       		.uleb128 0xa
 878 0369 01       		.uleb128 0x1
 879 036a 50       		.byte	0x50
 880 036b 02       		.uleb128 0x2
 881 036c 08       		.byte	0x8
 882 036d 32       		.byte	0x32
 883 036e 00       		.byte	0
 884 036f 09       		.uleb128 0x9
 885 0370 88000000 		.4byte	.LVL34
 886 0374 D5040000 		.4byte	0x4d5
 887 0378 82030000 		.4byte	0x382
ARM GAS  C:\Users\HP\AppData\Local\Temp\ccSj0SJu.s 			page 19


 888 037c 0A       		.uleb128 0xa
 889 037d 01       		.uleb128 0x1
 890 037e 50       		.byte	0x50
 891 037f 01       		.uleb128 0x1
 892 0380 30       		.byte	0x30
 893 0381 00       		.byte	0
 894 0382 09       		.uleb128 0x9
 895 0383 8E000000 		.4byte	.LVL35
 896 0387 E0040000 		.4byte	0x4e0
 897 038b 95030000 		.4byte	0x395
 898 038f 0A       		.uleb128 0xa
 899 0390 01       		.uleb128 0x1
 900 0391 50       		.byte	0x50
 901 0392 01       		.uleb128 0x1
 902 0393 31       		.byte	0x31
 903 0394 00       		.byte	0
 904 0395 09       		.uleb128 0x9
 905 0396 94000000 		.4byte	.LVL36
 906 039a 72050000 		.4byte	0x572
 907 039e A9030000 		.4byte	0x3a9
 908 03a2 0A       		.uleb128 0xa
 909 03a3 01       		.uleb128 0x1
 910 03a4 50       		.byte	0x50
 911 03a5 02       		.uleb128 0x2
 912 03a6 08       		.byte	0x8
 913 03a7 32       		.byte	0x32
 914 03a8 00       		.byte	0
 915 03a9 09       		.uleb128 0x9
 916 03aa 9C000000 		.4byte	.LVL37
 917 03ae D5040000 		.4byte	0x4d5
 918 03b2 BC030000 		.4byte	0x3bc
 919 03b6 0A       		.uleb128 0xa
 920 03b7 01       		.uleb128 0x1
 921 03b8 50       		.byte	0x50
 922 03b9 01       		.uleb128 0x1
 923 03ba 31       		.byte	0x31
 924 03bb 00       		.byte	0
 925 03bc 09       		.uleb128 0x9
 926 03bd A2000000 		.4byte	.LVL38
 927 03c1 E0040000 		.4byte	0x4e0
 928 03c5 CF030000 		.4byte	0x3cf
 929 03c9 0A       		.uleb128 0xa
 930 03ca 01       		.uleb128 0x1
 931 03cb 50       		.byte	0x50
 932 03cc 01       		.uleb128 0x1
 933 03cd 30       		.byte	0x30
 934 03ce 00       		.byte	0
 935 03cf 09       		.uleb128 0x9
 936 03d0 A8000000 		.4byte	.LVL39
 937 03d4 72050000 		.4byte	0x572
 938 03d8 E3030000 		.4byte	0x3e3
 939 03dc 0A       		.uleb128 0xa
 940 03dd 01       		.uleb128 0x1
 941 03de 50       		.byte	0x50
 942 03df 02       		.uleb128 0x2
 943 03e0 08       		.byte	0x8
 944 03e1 32       		.byte	0x32
ARM GAS  C:\Users\HP\AppData\Local\Temp\ccSj0SJu.s 			page 20


 945 03e2 00       		.byte	0
 946 03e3 09       		.uleb128 0x9
 947 03e4 B0000000 		.4byte	.LVL40
 948 03e8 17050000 		.4byte	0x517
 949 03ec F6030000 		.4byte	0x3f6
 950 03f0 0A       		.uleb128 0xa
 951 03f1 01       		.uleb128 0x1
 952 03f2 50       		.byte	0x50
 953 03f3 01       		.uleb128 0x1
 954 03f4 31       		.byte	0x31
 955 03f5 00       		.byte	0
 956 03f6 09       		.uleb128 0x9
 957 03f7 B6000000 		.4byte	.LVL41
 958 03fb 22050000 		.4byte	0x522
 959 03ff 09040000 		.4byte	0x409
 960 0403 0A       		.uleb128 0xa
 961 0404 01       		.uleb128 0x1
 962 0405 50       		.byte	0x50
 963 0406 01       		.uleb128 0x1
 964 0407 30       		.byte	0x30
 965 0408 00       		.byte	0
 966 0409 09       		.uleb128 0x9
 967 040a BC000000 		.4byte	.LVL42
 968 040e 72050000 		.4byte	0x572
 969 0412 1D040000 		.4byte	0x41d
 970 0416 0A       		.uleb128 0xa
 971 0417 01       		.uleb128 0x1
 972 0418 50       		.byte	0x50
 973 0419 02       		.uleb128 0x2
 974 041a 08       		.byte	0x8
 975 041b 32       		.byte	0x32
 976 041c 00       		.byte	0
 977 041d 09       		.uleb128 0x9
 978 041e C4000000 		.4byte	.LVL43
 979 0422 22050000 		.4byte	0x522
 980 0426 30040000 		.4byte	0x430
 981 042a 0A       		.uleb128 0xa
 982 042b 01       		.uleb128 0x1
 983 042c 50       		.byte	0x50
 984 042d 01       		.uleb128 0x1
 985 042e 31       		.byte	0x31
 986 042f 00       		.byte	0
 987 0430 09       		.uleb128 0x9
 988 0431 CA000000 		.4byte	.LVL44
 989 0435 17050000 		.4byte	0x517
 990 0439 43040000 		.4byte	0x443
 991 043d 0A       		.uleb128 0xa
 992 043e 01       		.uleb128 0x1
 993 043f 50       		.byte	0x50
 994 0440 01       		.uleb128 0x1
 995 0441 30       		.byte	0x30
 996 0442 00       		.byte	0
 997 0443 09       		.uleb128 0x9
 998 0444 D0000000 		.4byte	.LVL45
 999 0448 72050000 		.4byte	0x572
 1000 044c 57040000 		.4byte	0x457
 1001 0450 0A       		.uleb128 0xa
ARM GAS  C:\Users\HP\AppData\Local\Temp\ccSj0SJu.s 			page 21


 1002 0451 01       		.uleb128 0x1
 1003 0452 50       		.byte	0x50
 1004 0453 02       		.uleb128 0x2
 1005 0454 08       		.byte	0x8
 1006 0455 32       		.byte	0x32
 1007 0456 00       		.byte	0
 1008 0457 09       		.uleb128 0x9
 1009 0458 D8000000 		.4byte	.LVL46
 1010 045c 2D050000 		.4byte	0x52d
 1011 0460 6A040000 		.4byte	0x46a
 1012 0464 0A       		.uleb128 0xa
 1013 0465 01       		.uleb128 0x1
 1014 0466 50       		.byte	0x50
 1015 0467 01       		.uleb128 0x1
 1016 0468 31       		.byte	0x31
 1017 0469 00       		.byte	0
 1018 046a 09       		.uleb128 0x9
 1019 046b DE000000 		.4byte	.LVL47
 1020 046f 38050000 		.4byte	0x538
 1021 0473 7D040000 		.4byte	0x47d
 1022 0477 0A       		.uleb128 0xa
 1023 0478 01       		.uleb128 0x1
 1024 0479 50       		.byte	0x50
 1025 047a 01       		.uleb128 0x1
 1026 047b 30       		.byte	0x30
 1027 047c 00       		.byte	0
 1028 047d 09       		.uleb128 0x9
 1029 047e E4000000 		.4byte	.LVL48
 1030 0482 72050000 		.4byte	0x572
 1031 0486 91040000 		.4byte	0x491
 1032 048a 0A       		.uleb128 0xa
 1033 048b 01       		.uleb128 0x1
 1034 048c 50       		.byte	0x50
 1035 048d 02       		.uleb128 0x2
 1036 048e 08       		.byte	0x8
 1037 048f 32       		.byte	0x32
 1038 0490 00       		.byte	0
 1039 0491 09       		.uleb128 0x9
 1040 0492 EC000000 		.4byte	.LVL49
 1041 0496 38050000 		.4byte	0x538
 1042 049a A4040000 		.4byte	0x4a4
 1043 049e 0A       		.uleb128 0xa
 1044 049f 01       		.uleb128 0x1
 1045 04a0 50       		.byte	0x50
 1046 04a1 01       		.uleb128 0x1
 1047 04a2 31       		.byte	0x31
 1048 04a3 00       		.byte	0
 1049 04a4 09       		.uleb128 0x9
 1050 04a5 F2000000 		.4byte	.LVL50
 1051 04a9 2D050000 		.4byte	0x52d
 1052 04ad B7040000 		.4byte	0x4b7
 1053 04b1 0A       		.uleb128 0xa
 1054 04b2 01       		.uleb128 0x1
 1055 04b3 50       		.byte	0x50
 1056 04b4 01       		.uleb128 0x1
 1057 04b5 30       		.byte	0x30
 1058 04b6 00       		.byte	0
ARM GAS  C:\Users\HP\AppData\Local\Temp\ccSj0SJu.s 			page 22


 1059 04b7 09       		.uleb128 0x9
 1060 04b8 F8000000 		.4byte	.LVL51
 1061 04bc 72050000 		.4byte	0x572
 1062 04c0 CB040000 		.4byte	0x4cb
 1063 04c4 0A       		.uleb128 0xa
 1064 04c5 01       		.uleb128 0x1
 1065 04c6 50       		.byte	0x50
 1066 04c7 02       		.uleb128 0x2
 1067 04c8 08       		.byte	0x8
 1068 04c9 32       		.byte	0x32
 1069 04ca 00       		.byte	0
 1070 04cb 0F       		.uleb128 0xf
 1071 04cc FE000000 		.4byte	.LVL52
 1072 04d0 D0000000 		.4byte	0xd0
 1073 04d4 00       		.byte	0
 1074 04d5 12       		.uleb128 0x12
 1075 04d6 08000000 		.4byte	.LASF22
 1076 04da 08000000 		.4byte	.LASF22
 1077 04de 03       		.byte	0x3
 1078 04df 33       		.byte	0x33
 1079 04e0 12       		.uleb128 0x12
 1080 04e1 2C000000 		.4byte	.LASF23
 1081 04e5 2C000000 		.4byte	.LASF23
 1082 04e9 04       		.byte	0x4
 1083 04ea 33       		.byte	0x33
 1084 04eb 12       		.uleb128 0x12
 1085 04ec 65020000 		.4byte	.LASF24
 1086 04f0 65020000 		.4byte	.LASF24
 1087 04f4 05       		.byte	0x5
 1088 04f5 33       		.byte	0x33
 1089 04f6 12       		.uleb128 0x12
 1090 04f7 12020000 		.4byte	.LASF25
 1091 04fb 12020000 		.4byte	.LASF25
 1092 04ff 06       		.byte	0x6
 1093 0500 33       		.byte	0x33
 1094 0501 12       		.uleb128 0x12
 1095 0502 9D010000 		.4byte	.LASF26
 1096 0506 9D010000 		.4byte	.LASF26
 1097 050a 07       		.byte	0x7
 1098 050b 33       		.byte	0x33
 1099 050c 12       		.uleb128 0x12
 1100 050d 15000000 		.4byte	.LASF27
 1101 0511 15000000 		.4byte	.LASF27
 1102 0515 08       		.byte	0x8
 1103 0516 33       		.byte	0x33
 1104 0517 12       		.uleb128 0x12
 1105 0518 7B010000 		.4byte	.LASF28
 1106 051c 7B010000 		.4byte	.LASF28
 1107 0520 09       		.byte	0x9
 1108 0521 33       		.byte	0x33
 1109 0522 12       		.uleb128 0x12
 1110 0523 88020000 		.4byte	.LASF29
 1111 0527 88020000 		.4byte	.LASF29
 1112 052b 0A       		.byte	0xa
 1113 052c 33       		.byte	0x33
 1114 052d 12       		.uleb128 0x12
 1115 052e 01020000 		.4byte	.LASF30
ARM GAS  C:\Users\HP\AppData\Local\Temp\ccSj0SJu.s 			page 23


 1116 0532 01020000 		.4byte	.LASF30
 1117 0536 0B       		.byte	0xb
 1118 0537 33       		.byte	0x33
 1119 0538 12       		.uleb128 0x12
 1120 0539 AC010000 		.4byte	.LASF31
 1121 053d AC010000 		.4byte	.LASF31
 1122 0541 0C       		.byte	0xc
 1123 0542 33       		.byte	0x33
 1124 0543 12       		.uleb128 0x12
 1125 0544 8A000000 		.4byte	.LASF32
 1126 0548 8A000000 		.4byte	.LASF32
 1127 054c 0D       		.byte	0xd
 1128 054d 72       		.byte	0x72
 1129 054e 13       		.uleb128 0x13
 1130 054f A6000000 		.4byte	.LASF33
 1131 0553 A6000000 		.4byte	.LASF33
 1132 0557 0E       		.byte	0xe
 1133 0558 2A03     		.2byte	0x32a
 1134 055a 13       		.uleb128 0x13
 1135 055b 53010000 		.4byte	.LASF34
 1136 055f 53010000 		.4byte	.LASF34
 1137 0563 0E       		.byte	0xe
 1138 0564 0F03     		.2byte	0x30f
 1139 0566 13       		.uleb128 0x13
 1140 0567 72000000 		.4byte	.LASF35
 1141 056b 72000000 		.4byte	.LASF35
 1142 056f 0E       		.byte	0xe
 1143 0570 4403     		.2byte	0x344
 1144 0572 12       		.uleb128 0x12
 1145 0573 B9020000 		.4byte	.LASF36
 1146 0577 B9020000 		.4byte	.LASF36
 1147 057b 0F       		.byte	0xf
 1148 057c EC       		.byte	0xec
 1149 057d 00       		.byte	0
 1150              		.section	.debug_abbrev,"",%progbits
 1151              	.Ldebug_abbrev0:
 1152 0000 01       		.uleb128 0x1
 1153 0001 11       		.uleb128 0x11
 1154 0002 01       		.byte	0x1
 1155 0003 25       		.uleb128 0x25
 1156 0004 0E       		.uleb128 0xe
 1157 0005 13       		.uleb128 0x13
 1158 0006 0B       		.uleb128 0xb
 1159 0007 03       		.uleb128 0x3
 1160 0008 0E       		.uleb128 0xe
 1161 0009 1B       		.uleb128 0x1b
 1162 000a 0E       		.uleb128 0xe
 1163 000b 55       		.uleb128 0x55
 1164 000c 17       		.uleb128 0x17
 1165 000d 11       		.uleb128 0x11
 1166 000e 01       		.uleb128 0x1
 1167 000f 10       		.uleb128 0x10
 1168 0010 17       		.uleb128 0x17
 1169 0011 00       		.byte	0
 1170 0012 00       		.byte	0
 1171 0013 02       		.uleb128 0x2
 1172 0014 24       		.uleb128 0x24
ARM GAS  C:\Users\HP\AppData\Local\Temp\ccSj0SJu.s 			page 24


 1173 0015 00       		.byte	0
 1174 0016 0B       		.uleb128 0xb
 1175 0017 0B       		.uleb128 0xb
 1176 0018 3E       		.uleb128 0x3e
 1177 0019 0B       		.uleb128 0xb
 1178 001a 03       		.uleb128 0x3
 1179 001b 0E       		.uleb128 0xe
 1180 001c 00       		.byte	0
 1181 001d 00       		.byte	0
 1182 001e 03       		.uleb128 0x3
 1183 001f 24       		.uleb128 0x24
 1184 0020 00       		.byte	0
 1185 0021 0B       		.uleb128 0xb
 1186 0022 0B       		.uleb128 0xb
 1187 0023 3E       		.uleb128 0x3e
 1188 0024 0B       		.uleb128 0xb
 1189 0025 03       		.uleb128 0x3
 1190 0026 08       		.uleb128 0x8
 1191 0027 00       		.byte	0
 1192 0028 00       		.byte	0
 1193 0029 04       		.uleb128 0x4
 1194 002a 16       		.uleb128 0x16
 1195 002b 00       		.byte	0
 1196 002c 03       		.uleb128 0x3
 1197 002d 0E       		.uleb128 0xe
 1198 002e 3A       		.uleb128 0x3a
 1199 002f 0B       		.uleb128 0xb
 1200 0030 3B       		.uleb128 0x3b
 1201 0031 05       		.uleb128 0x5
 1202 0032 49       		.uleb128 0x49
 1203 0033 13       		.uleb128 0x13
 1204 0034 00       		.byte	0
 1205 0035 00       		.byte	0
 1206 0036 05       		.uleb128 0x5
 1207 0037 04       		.uleb128 0x4
 1208 0038 01       		.byte	0x1
 1209 0039 0B       		.uleb128 0xb
 1210 003a 0B       		.uleb128 0xb
 1211 003b 49       		.uleb128 0x49
 1212 003c 13       		.uleb128 0x13
 1213 003d 3A       		.uleb128 0x3a
 1214 003e 0B       		.uleb128 0xb
 1215 003f 3B       		.uleb128 0x3b
 1216 0040 0B       		.uleb128 0xb
 1217 0041 01       		.uleb128 0x1
 1218 0042 13       		.uleb128 0x13
 1219 0043 00       		.byte	0
 1220 0044 00       		.byte	0
 1221 0045 06       		.uleb128 0x6
 1222 0046 28       		.uleb128 0x28
 1223 0047 00       		.byte	0
 1224 0048 03       		.uleb128 0x3
 1225 0049 0E       		.uleb128 0xe
 1226 004a 1C       		.uleb128 0x1c
 1227 004b 0B       		.uleb128 0xb
 1228 004c 00       		.byte	0
 1229 004d 00       		.byte	0
ARM GAS  C:\Users\HP\AppData\Local\Temp\ccSj0SJu.s 			page 25


 1230 004e 07       		.uleb128 0x7
 1231 004f 16       		.uleb128 0x16
 1232 0050 00       		.byte	0
 1233 0051 03       		.uleb128 0x3
 1234 0052 0E       		.uleb128 0xe
 1235 0053 3A       		.uleb128 0x3a
 1236 0054 0B       		.uleb128 0xb
 1237 0055 3B       		.uleb128 0x3b
 1238 0056 0B       		.uleb128 0xb
 1239 0057 49       		.uleb128 0x49
 1240 0058 13       		.uleb128 0x13
 1241 0059 00       		.byte	0
 1242 005a 00       		.byte	0
 1243 005b 08       		.uleb128 0x8
 1244 005c 2E       		.uleb128 0x2e
 1245 005d 01       		.byte	0x1
 1246 005e 3F       		.uleb128 0x3f
 1247 005f 19       		.uleb128 0x19
 1248 0060 03       		.uleb128 0x3
 1249 0061 0E       		.uleb128 0xe
 1250 0062 3A       		.uleb128 0x3a
 1251 0063 0B       		.uleb128 0xb
 1252 0064 3B       		.uleb128 0x3b
 1253 0065 0B       		.uleb128 0xb
 1254 0066 11       		.uleb128 0x11
 1255 0067 01       		.uleb128 0x1
 1256 0068 12       		.uleb128 0x12
 1257 0069 06       		.uleb128 0x6
 1258 006a 40       		.uleb128 0x40
 1259 006b 18       		.uleb128 0x18
 1260 006c 9742     		.uleb128 0x2117
 1261 006e 19       		.uleb128 0x19
 1262 006f 01       		.uleb128 0x1
 1263 0070 13       		.uleb128 0x13
 1264 0071 00       		.byte	0
 1265 0072 00       		.byte	0
 1266 0073 09       		.uleb128 0x9
 1267 0074 898201   		.uleb128 0x4109
 1268 0077 01       		.byte	0x1
 1269 0078 11       		.uleb128 0x11
 1270 0079 01       		.uleb128 0x1
 1271 007a 31       		.uleb128 0x31
 1272 007b 13       		.uleb128 0x13
 1273 007c 01       		.uleb128 0x1
 1274 007d 13       		.uleb128 0x13
 1275 007e 00       		.byte	0
 1276 007f 00       		.byte	0
 1277 0080 0A       		.uleb128 0xa
 1278 0081 8A8201   		.uleb128 0x410a
 1279 0084 00       		.byte	0
 1280 0085 02       		.uleb128 0x2
 1281 0086 18       		.uleb128 0x18
 1282 0087 9142     		.uleb128 0x2111
 1283 0089 18       		.uleb128 0x18
 1284 008a 00       		.byte	0
 1285 008b 00       		.byte	0
 1286 008c 0B       		.uleb128 0xb
ARM GAS  C:\Users\HP\AppData\Local\Temp\ccSj0SJu.s 			page 26


 1287 008d 898201   		.uleb128 0x4109
 1288 0090 01       		.byte	0x1
 1289 0091 11       		.uleb128 0x11
 1290 0092 01       		.uleb128 0x1
 1291 0093 31       		.uleb128 0x31
 1292 0094 13       		.uleb128 0x13
 1293 0095 00       		.byte	0
 1294 0096 00       		.byte	0
 1295 0097 0C       		.uleb128 0xc
 1296 0098 2E       		.uleb128 0x2e
 1297 0099 01       		.byte	0x1
 1298 009a 3F       		.uleb128 0x3f
 1299 009b 19       		.uleb128 0x19
 1300 009c 03       		.uleb128 0x3
 1301 009d 0E       		.uleb128 0xe
 1302 009e 3A       		.uleb128 0x3a
 1303 009f 0B       		.uleb128 0xb
 1304 00a0 3B       		.uleb128 0x3b
 1305 00a1 0B       		.uleb128 0xb
 1306 00a2 27       		.uleb128 0x27
 1307 00a3 19       		.uleb128 0x19
 1308 00a4 11       		.uleb128 0x11
 1309 00a5 01       		.uleb128 0x1
 1310 00a6 12       		.uleb128 0x12
 1311 00a7 06       		.uleb128 0x6
 1312 00a8 40       		.uleb128 0x40
 1313 00a9 18       		.uleb128 0x18
 1314 00aa 9742     		.uleb128 0x2117
 1315 00ac 19       		.uleb128 0x19
 1316 00ad 01       		.uleb128 0x1
 1317 00ae 13       		.uleb128 0x13
 1318 00af 00       		.byte	0
 1319 00b0 00       		.byte	0
 1320 00b1 0D       		.uleb128 0xd
 1321 00b2 05       		.uleb128 0x5
 1322 00b3 00       		.byte	0
 1323 00b4 03       		.uleb128 0x3
 1324 00b5 08       		.uleb128 0x8
 1325 00b6 3A       		.uleb128 0x3a
 1326 00b7 0B       		.uleb128 0xb
 1327 00b8 3B       		.uleb128 0x3b
 1328 00b9 0B       		.uleb128 0xb
 1329 00ba 49       		.uleb128 0x49
 1330 00bb 13       		.uleb128 0x13
 1331 00bc 02       		.uleb128 0x2
 1332 00bd 17       		.uleb128 0x17
 1333 00be 00       		.byte	0
 1334 00bf 00       		.byte	0
 1335 00c0 0E       		.uleb128 0xe
 1336 00c1 05       		.uleb128 0x5
 1337 00c2 00       		.byte	0
 1338 00c3 03       		.uleb128 0x3
 1339 00c4 0E       		.uleb128 0xe
 1340 00c5 3A       		.uleb128 0x3a
 1341 00c6 0B       		.uleb128 0xb
 1342 00c7 3B       		.uleb128 0x3b
 1343 00c8 0B       		.uleb128 0xb
ARM GAS  C:\Users\HP\AppData\Local\Temp\ccSj0SJu.s 			page 27


 1344 00c9 49       		.uleb128 0x49
 1345 00ca 13       		.uleb128 0x13
 1346 00cb 02       		.uleb128 0x2
 1347 00cc 17       		.uleb128 0x17
 1348 00cd 00       		.byte	0
 1349 00ce 00       		.byte	0
 1350 00cf 0F       		.uleb128 0xf
 1351 00d0 898201   		.uleb128 0x4109
 1352 00d3 00       		.byte	0
 1353 00d4 11       		.uleb128 0x11
 1354 00d5 01       		.uleb128 0x1
 1355 00d6 31       		.uleb128 0x31
 1356 00d7 13       		.uleb128 0x13
 1357 00d8 00       		.byte	0
 1358 00d9 00       		.byte	0
 1359 00da 10       		.uleb128 0x10
 1360 00db 2E       		.uleb128 0x2e
 1361 00dc 01       		.byte	0x1
 1362 00dd 3F       		.uleb128 0x3f
 1363 00de 19       		.uleb128 0x19
 1364 00df 03       		.uleb128 0x3
 1365 00e0 0E       		.uleb128 0xe
 1366 00e1 3A       		.uleb128 0x3a
 1367 00e2 0B       		.uleb128 0xb
 1368 00e3 3B       		.uleb128 0x3b
 1369 00e4 0B       		.uleb128 0xb
 1370 00e5 27       		.uleb128 0x27
 1371 00e6 19       		.uleb128 0x19
 1372 00e7 49       		.uleb128 0x49
 1373 00e8 13       		.uleb128 0x13
 1374 00e9 8701     		.uleb128 0x87
 1375 00eb 19       		.uleb128 0x19
 1376 00ec 11       		.uleb128 0x11
 1377 00ed 01       		.uleb128 0x1
 1378 00ee 12       		.uleb128 0x12
 1379 00ef 06       		.uleb128 0x6
 1380 00f0 40       		.uleb128 0x40
 1381 00f1 18       		.uleb128 0x18
 1382 00f2 9742     		.uleb128 0x2117
 1383 00f4 19       		.uleb128 0x19
 1384 00f5 01       		.uleb128 0x1
 1385 00f6 13       		.uleb128 0x13
 1386 00f7 00       		.byte	0
 1387 00f8 00       		.byte	0
 1388 00f9 11       		.uleb128 0x11
 1389 00fa 34       		.uleb128 0x34
 1390 00fb 00       		.byte	0
 1391 00fc 03       		.uleb128 0x3
 1392 00fd 08       		.uleb128 0x8
 1393 00fe 3A       		.uleb128 0x3a
 1394 00ff 0B       		.uleb128 0xb
 1395 0100 3B       		.uleb128 0x3b
 1396 0101 0B       		.uleb128 0xb
 1397 0102 49       		.uleb128 0x49
 1398 0103 13       		.uleb128 0x13
 1399 0104 02       		.uleb128 0x2
 1400 0105 17       		.uleb128 0x17
ARM GAS  C:\Users\HP\AppData\Local\Temp\ccSj0SJu.s 			page 28


 1401 0106 00       		.byte	0
 1402 0107 00       		.byte	0
 1403 0108 12       		.uleb128 0x12
 1404 0109 2E       		.uleb128 0x2e
 1405 010a 00       		.byte	0
 1406 010b 3F       		.uleb128 0x3f
 1407 010c 19       		.uleb128 0x19
 1408 010d 3C       		.uleb128 0x3c
 1409 010e 19       		.uleb128 0x19
 1410 010f 6E       		.uleb128 0x6e
 1411 0110 0E       		.uleb128 0xe
 1412 0111 03       		.uleb128 0x3
 1413 0112 0E       		.uleb128 0xe
 1414 0113 3A       		.uleb128 0x3a
 1415 0114 0B       		.uleb128 0xb
 1416 0115 3B       		.uleb128 0x3b
 1417 0116 0B       		.uleb128 0xb
 1418 0117 00       		.byte	0
 1419 0118 00       		.byte	0
 1420 0119 13       		.uleb128 0x13
 1421 011a 2E       		.uleb128 0x2e
 1422 011b 00       		.byte	0
 1423 011c 3F       		.uleb128 0x3f
 1424 011d 19       		.uleb128 0x19
 1425 011e 3C       		.uleb128 0x3c
 1426 011f 19       		.uleb128 0x19
 1427 0120 6E       		.uleb128 0x6e
 1428 0121 0E       		.uleb128 0xe
 1429 0122 03       		.uleb128 0x3
 1430 0123 0E       		.uleb128 0xe
 1431 0124 3A       		.uleb128 0x3a
 1432 0125 0B       		.uleb128 0xb
 1433 0126 3B       		.uleb128 0x3b
 1434 0127 05       		.uleb128 0x5
 1435 0128 00       		.byte	0
 1436 0129 00       		.byte	0
 1437 012a 00       		.byte	0
 1438              		.section	.debug_loc,"",%progbits
 1439              	.Ldebug_loc0:
 1440              	.LLST0:
 1441 0000 00000000 		.4byte	.LVL10
 1442 0004 09000000 		.4byte	.LVL11-1
 1443 0008 0100     		.2byte	0x1
 1444 000a 50       		.byte	0x50
 1445 000b 09000000 		.4byte	.LVL11-1
 1446 000f 2E000000 		.4byte	.LFE36
 1447 0013 0400     		.2byte	0x4
 1448 0015 F3       		.byte	0xf3
 1449 0016 01       		.uleb128 0x1
 1450 0017 50       		.byte	0x50
 1451 0018 9F       		.byte	0x9f
 1452 0019 00000000 		.4byte	0
 1453 001d 00000000 		.4byte	0
 1454              	.LLST1:
 1455 0021 00000000 		.4byte	.LVL10
 1456 0025 09000000 		.4byte	.LVL11-1
 1457 0029 0100     		.2byte	0x1
ARM GAS  C:\Users\HP\AppData\Local\Temp\ccSj0SJu.s 			page 29


 1458 002b 51       		.byte	0x51
 1459 002c 09000000 		.4byte	.LVL11-1
 1460 0030 2C000000 		.4byte	.LVL16
 1461 0034 0100     		.2byte	0x1
 1462 0036 55       		.byte	0x55
 1463 0037 2C000000 		.4byte	.LVL16
 1464 003b 2E000000 		.4byte	.LFE36
 1465 003f 0400     		.2byte	0x4
 1466 0041 F3       		.byte	0xf3
 1467 0042 01       		.uleb128 0x1
 1468 0043 51       		.byte	0x51
 1469 0044 9F       		.byte	0x9f
 1470 0045 00000000 		.4byte	0
 1471 0049 00000000 		.4byte	0
 1472              	.LLST2:
 1473 004d 14000000 		.4byte	.LVL20
 1474 0051 08010000 		.4byte	.LFE37
 1475 0055 0100     		.2byte	0x1
 1476 0057 55       		.byte	0x55
 1477 0058 00000000 		.4byte	0
 1478 005c 00000000 		.4byte	0
 1479              		.section	.debug_aranges,"",%progbits
 1480 0000 2C000000 		.4byte	0x2c
 1481 0004 0200     		.2byte	0x2
 1482 0006 00000000 		.4byte	.Ldebug_info0
 1483 000a 04       		.byte	0x4
 1484 000b 00       		.byte	0
 1485 000c 0000     		.2byte	0
 1486 000e 0000     		.2byte	0
 1487 0010 00000000 		.4byte	.LFB35
 1488 0014 40000000 		.4byte	.LFE35-.LFB35
 1489 0018 00000000 		.4byte	.LFB36
 1490 001c 2E000000 		.4byte	.LFE36-.LFB36
 1491 0020 00000000 		.4byte	.LFB37
 1492 0024 08010000 		.4byte	.LFE37-.LFB37
 1493 0028 00000000 		.4byte	0
 1494 002c 00000000 		.4byte	0
 1495              		.section	.debug_ranges,"",%progbits
 1496              	.Ldebug_ranges0:
 1497 0000 00000000 		.4byte	.LFB35
 1498 0004 40000000 		.4byte	.LFE35
 1499 0008 00000000 		.4byte	.LFB36
 1500 000c 2E000000 		.4byte	.LFE36
 1501 0010 00000000 		.4byte	.LFB37
 1502 0014 08010000 		.4byte	.LFE37
 1503 0018 00000000 		.4byte	0
 1504 001c 00000000 		.4byte	0
 1505              		.section	.debug_line,"",%progbits
 1506              	.Ldebug_line0:
 1507 0000 7B010000 		.section	.debug_str,"MS",%progbits,1
 1507      02000201 
 1507      00000201 
 1507      FB0E0D00 
 1507      01010101 
 1508              	.LASF18:
 1509 0000 47524950 		.ascii	"GRIPPER\000"
 1509      50455200 
ARM GAS  C:\Users\HP\AppData\Local\Temp\ccSj0SJu.s 			page 30


 1510              	.LASF22:
 1511 0008 42617365 		.ascii	"Base_1_Write\000"
 1511      5F315F57 
 1511      72697465 
 1511      00
 1512              	.LASF27:
 1513 0015 456C626F 		.ascii	"Elbow_Down_Write\000"
 1513      775F446F 
 1513      776E5F57 
 1513      72697465 
 1513      00
 1514              	.LASF16:
 1515 0026 454C424F 		.ascii	"ELBOW\000"
 1515      5700
 1516              	.LASF23:
 1517 002c 42617365 		.ascii	"Base_2_Write\000"
 1517      5F325F57 
 1517      72697465 
 1517      00
 1518              	.LASF39:
 1519 0039 433A5C55 		.ascii	"C:\\Users\\HP\\Documents\\PSoC Creator\\Workspace03"
 1519      73657273 
 1519      5C48505C 
 1519      446F6375 
 1519      6D656E74 
 1520 0067 5C41726D 		.ascii	"\\Arm.cydsn\000"
 1520      2E637964 
 1520      736E00
 1521              	.LASF35:
 1522 0072 55415254 		.ascii	"UART_SpiUartWriteTxData\000"
 1522      5F537069 
 1522      55617274 
 1522      57726974 
 1522      65547844 
 1523              	.LASF32:
 1524 008a 55415254 		.ascii	"UART_Start\000"
 1524      5F537461 
 1524      727400
 1525              	.LASF10:
 1526 0095 646F7562 		.ascii	"double\000"
 1526      6C6500
 1527              	.LASF21:
 1528 009c 64697265 		.ascii	"direction\000"
 1528      6374696F 
 1528      6E00
 1529              	.LASF33:
 1530 00a6 55415254 		.ascii	"UART_UartPutString\000"
 1530      5F556172 
 1530      74507574 
 1530      53747269 
 1530      6E6700
 1531              	.LASF37:
 1532 00b9 474E5520 		.ascii	"GNU C11 5.4.1 20160609 (release) [ARM/embedded-5-br"
 1532      43313120 
 1532      352E342E 
 1532      31203230 
 1532      31363036 
ARM GAS  C:\Users\HP\AppData\Local\Temp\ccSj0SJu.s 			page 31


 1533 00ec 616E6368 		.ascii	"anch revision 237715] -mcpu=cortex-m0 -mthumb -g -O"
 1533      20726576 
 1533      6973696F 
 1533      6E203233 
 1533      37373135 
 1534 011f 67202D66 		.ascii	"g -ffunction-sections -ffat-lto-objects\000"
 1534      66756E63 
 1534      74696F6E 
 1534      2D736563 
 1534      74696F6E 
 1535              	.LASF9:
 1536 0147 666C6F61 		.ascii	"float\000"
 1536      7400
 1537              	.LASF17:
 1538 014d 57524953 		.ascii	"WRIST\000"
 1538      5400
 1539              	.LASF34:
 1540 0153 55415254 		.ascii	"UART_UartGetChar\000"
 1540      5F556172 
 1540      74476574 
 1540      43686172 
 1540      00
 1541              	.LASF15:
 1542 0164 53484F55 		.ascii	"SHOULDER\000"
 1542      4C444552 
 1542      00
 1543              	.LASF41:
 1544 016d 61637469 		.ascii	"activateMotor\000"
 1544      76617465 
 1544      4D6F746F 
 1544      7200
 1545              	.LASF28:
 1546 017b 57726973 		.ascii	"Wrist_Up_Write\000"
 1546      745F5570 
 1546      5F577269 
 1546      746500
 1547              	.LASF3:
 1548 018a 73686F72 		.ascii	"short unsigned int\000"
 1548      7420756E 
 1548      7369676E 
 1548      65642069 
 1548      6E7400
 1549              	.LASF26:
 1550 019d 456C626F 		.ascii	"Elbow_Up_Write\000"
 1550      775F5570 
 1550      5F577269 
 1550      746500
 1551              	.LASF31:
 1552 01ac 47726970 		.ascii	"Gripper_Out_Write\000"
 1552      7065725F 
 1552      4F75745F 
 1552      57726974 
 1552      6500
 1553              	.LASF1:
 1554 01be 756E7369 		.ascii	"unsigned char\000"
 1554      676E6564 
 1554      20636861 
ARM GAS  C:\Users\HP\AppData\Local\Temp\ccSj0SJu.s 			page 32


 1554      7200
 1555              	.LASF5:
 1556 01cc 6C6F6E67 		.ascii	"long unsigned int\000"
 1556      20756E73 
 1556      69676E65 
 1556      6420696E 
 1556      7400
 1557              	.LASF2:
 1558 01de 73686F72 		.ascii	"short int\000"
 1558      7420696E 
 1558      7400
 1559              	.LASF19:
 1560 01e8 75696E74 		.ascii	"uint32\000"
 1560      333200
 1561              	.LASF42:
 1562 01ef 6D61696E 		.ascii	"main\000"
 1562      00
 1563              	.LASF8:
 1564 01f4 756E7369 		.ascii	"unsigned int\000"
 1564      676E6564 
 1564      20696E74 
 1564      00
 1565              	.LASF30:
 1566 0201 47726970 		.ascii	"Gripper_In_Write\000"
 1566      7065725F 
 1566      496E5F57 
 1566      72697465 
 1566      00
 1567              	.LASF25:
 1568 0212 53686F75 		.ascii	"Shoulder_Down_Write\000"
 1568      6C646572 
 1568      5F446F77 
 1568      6E5F5772 
 1568      69746500 
 1569              	.LASF7:
 1570 0226 6C6F6E67 		.ascii	"long long unsigned int\000"
 1570      206C6F6E 
 1570      6720756E 
 1570      7369676E 
 1570      65642069 
 1571              	.LASF14:
 1572 023d 42415345 		.ascii	"BASE\000"
 1572      00
 1573              	.LASF13:
 1574 0242 73697A65 		.ascii	"sizetype\000"
 1574      74797065 
 1574      00
 1575              	.LASF6:
 1576 024b 6C6F6E67 		.ascii	"long long int\000"
 1576      206C6F6E 
 1576      6720696E 
 1576      7400
 1577              	.LASF38:
 1578 0259 6D61696E 		.ascii	"main.c\000"
 1578      2E6300
 1579              	.LASF11:
 1580 0260 63686172 		.ascii	"char\000"
ARM GAS  C:\Users\HP\AppData\Local\Temp\ccSj0SJu.s 			page 33


 1580      00
 1581              	.LASF24:
 1582 0265 53686F75 		.ascii	"Shoulder_Up_Write\000"
 1582      6C646572 
 1582      5F55705F 
 1582      57726974 
 1582      6500
 1583              	.LASF4:
 1584 0277 6C6F6E67 		.ascii	"long int\000"
 1584      20696E74 
 1584      00
 1585              	.LASF20:
 1586 0280 41726D50 		.ascii	"ArmPart\000"
 1586      61727400 
 1587              	.LASF29:
 1588 0288 57726973 		.ascii	"Wrist_Down_Write\000"
 1588      745F446F 
 1588      776E5F57 
 1588      72697465 
 1588      00
 1589              	.LASF12:
 1590 0299 6C6F6E67 		.ascii	"long double\000"
 1590      20646F75 
 1590      626C6500 
 1591              	.LASF40:
 1592 02a5 6E756C6C 		.ascii	"nullify\000"
 1592      69667900 
 1593              	.LASF0:
 1594 02ad 7369676E 		.ascii	"signed char\000"
 1594      65642063 
 1594      68617200 
 1595              	.LASF36:
 1596 02b9 43794465 		.ascii	"CyDelay\000"
 1596      6C617900 
 1597              		.ident	"GCC: (GNU Tools for ARM Embedded Processors) 5.4.1 20160609 (release) [ARM/embedded-5-bran
